<?xml version="1.0" encoding="UTF-8"?>
<coverage generated="1690501668">
  <project timestamp="1690501668">
    <file name="/home/david/Projects/ebay-oauth-php-client/src/EbayOauthToken.php">
      <class name="EbayOauthToken\EbayOauthToken" namespace="global">
        <metrics complexity="25" methods="9" coveredmethods="9" conditionals="0" coveredconditionals="0" statements="48" coveredstatements="48" elements="57" coveredelements="57"/>
      </class>
      <line num="27" type="method" name="__construct" visibility="public" complexity="3" crap="3" count="18"/>
      <line num="29" type="stmt" count="18"/>
      <line num="30" type="stmt" count="1"/>
      <line num="33" type="stmt" count="17"/>
      <line num="34" type="stmt" count="16"/>
      <line num="44" type="method" name="getApplicationToken" visibility="public" complexity="2" crap="2" count="2"/>
      <line num="46" type="stmt" count="2"/>
      <line num="48" type="stmt" count="2"/>
      <line num="49" type="stmt" count="2"/>
      <line num="52" type="stmt" count="2"/>
      <line num="53" type="stmt" count="2"/>
      <line num="54" type="stmt" count="2"/>
      <line num="55" type="stmt" count="2"/>
      <line num="56" type="stmt" count="2"/>
      <line num="69" type="method" name="generateUserAuthorizationUrl" visibility="public" complexity="9" crap="9" count="6"/>
      <line num="71" type="stmt" count="6"/>
      <line num="73" type="stmt" count="5"/>
      <line num="74" type="stmt" count="5"/>
      <line num="75" type="stmt" count="4"/>
      <line num="77" type="stmt" count="4"/>
      <line num="79" type="stmt" count="3"/>
      <line num="81" type="stmt" count="3"/>
      <line num="82" type="stmt" count="3"/>
      <line num="84" type="stmt" count="3"/>
      <line num="85" type="stmt" count="3"/>
      <line num="86" type="stmt" count="3"/>
      <line num="87" type="stmt" count="3"/>
      <line num="88" type="stmt" count="3"/>
      <line num="89" type="stmt" count="3"/>
      <line num="91" type="stmt" count="3"/>
      <line num="92" type="stmt" count="1"/>
      <line num="93" type="stmt" count="3"/>
      <line num="103" type="method" name="exchangeCodeForAccessToken" visibility="public" complexity="2" crap="2" count="4"/>
      <line num="105" type="stmt" count="4"/>
      <line num="106" type="stmt" count="1"/>
      <line num="108" type="stmt" count="3"/>
      <line num="109" type="stmt" count="1"/>
      <line num="110" type="stmt" count="1"/>
      <line num="111" type="stmt" count="1"/>
      <line num="125" type="method" name="getAccessToken" visibility="public" complexity="5" crap="5" count="3"/>
      <line num="127" type="stmt" count="3"/>
      <line num="130" type="stmt" count="3"/>
      <line num="131" type="stmt" count="3"/>
      <line num="132" type="stmt" count="3"/>
      <line num="133" type="stmt" count="3"/>
      <line num="134" type="stmt" count="1"/>
      <line num="136" type="stmt" count="2"/>
      <line num="137" type="stmt" count="2"/>
      <line num="146" type="method" name="setRefreshToken" visibility="public" complexity="1" crap="1" count="1"/>
      <line num="148" type="stmt" count="1"/>
      <line num="149" type="stmt" count="1"/>
      <line num="157" type="method" name="getRefreshToken" visibility="public" complexity="1" crap="1" count="2"/>
      <line num="159" type="stmt" count="2"/>
      <line num="167" type="method" name="getCredentials" visibility="public" complexity="1" crap="1" count="1"/>
      <line num="169" type="stmt" count="1"/>
      <line num="177" type="method" name="getGrantType" visibility="public" complexity="1" crap="1" count="1"/>
      <line num="179" type="stmt" count="1"/>
      <metrics loc="182" ncloc="110" classes="1" methods="9" coveredmethods="9" conditionals="0" coveredconditionals="0" statements="48" coveredstatements="48" elements="57" coveredelements="57"/>
    </file>
    <file name="/home/david/Projects/ebay-oauth-php-client/src/Request.php">
      <line num="7" type="stmt" count="4"/>
      <line num="8" type="stmt" count="4"/>
      <line num="10" type="stmt" count="4"/>
      <line num="11" type="stmt" count="4"/>
      <line num="12" type="stmt" count="4"/>
      <line num="13" type="stmt" count="4"/>
      <line num="14" type="stmt" count="4"/>
      <line num="15" type="stmt" count="4"/>
      <line num="16" type="stmt" count="4"/>
      <line num="17" type="stmt" count="4"/>
      <line num="18" type="stmt" count="4"/>
      <line num="19" type="stmt" count="4"/>
      <line num="20" type="stmt" count="4"/>
      <line num="21" type="stmt" count="4"/>
      <line num="23" type="stmt" count="4"/>
      <metrics loc="24" ncloc="24" classes="0" methods="0" coveredmethods="0" conditionals="0" coveredconditionals="0" statements="15" coveredstatements="15" elements="15" coveredelements="15"/>
    </file>
    <file name="/home/david/Projects/ebay-oauth-php-client/src/Utilities.php">
      <line num="7" type="stmt" count="16"/>
      <line num="9" type="stmt" count="16"/>
      <line num="11" type="stmt" count="16"/>
      <line num="12" type="stmt" count="1"/>
      <line num="15" type="stmt" count="15"/>
      <line num="17" type="stmt" count="15"/>
      <line num="22" type="stmt" count="13"/>
      <line num="23" type="stmt" count="1"/>
      <line num="25" type="stmt" count="12"/>
      <line num="26" type="stmt" count="1"/>
      <line num="28" type="stmt" count="11"/>
      <line num="29" type="stmt" count="1"/>
      <line num="35" type="stmt" count="1"/>
      <line num="36" type="stmt" count="1"/>
      <line num="37" type="stmt" count="1"/>
      <line num="39" type="stmt" count="1"/>
      <line num="40" type="stmt" count="1"/>
      <line num="41" type="stmt" count="1"/>
      <metrics loc="42" ncloc="42" classes="0" methods="0" coveredmethods="0" conditionals="0" coveredconditionals="0" statements="18" coveredstatements="18" elements="18" coveredelements="18"/>
    </file>
    <metrics files="3" loc="248" ncloc="176" classes="1" methods="9" coveredmethods="9" conditionals="0" coveredconditionals="0" statements="81" coveredstatements="81" elements="90" coveredelements="90"/>
  </project>
</coverage>
